<?xml version="1.0" encoding="UTF-8"?>
<!-- Generated by org.testng.reporters.JUnitReportReporter -->
<testsuite hostname="Tripuranjali" failures="0" tests="1" name="com.OrangeHRM.TestCases.TC_04" time="11.735" errors="0" timestamp="2024-06-22T14:23:53 IST" skipped="0">
  <testcase classname="com.OrangeHRM.TestCases.TC_04" name="Handlingdatepicker" time="11.735"/>
</testsuite> <!-- com.OrangeHRM.TestCases.TC_04 -->
